<?xml version="1.0" encoding="UTF-8"?>
<testng-results ignored="0" total="1" passed="1" failed="0" skipped="0">
  <reporter-output>
  </reporter-output>
  <suite started-at="2024-05-09T20:04:53 ICT" name="Default suite" finished-at="2024-05-09T20:04:57 ICT" duration-ms="4392">
    <groups>
    </groups>
    <test started-at="2024-05-09T20:04:53 ICT" name="Default test" finished-at="2024-05-09T20:04:57 ICT" duration-ms="4392">
      <class name="test2.test2.GoodLuck">
        <test-method is-config="true" signature="setup()[pri:0, instance:test2.test2.GoodLuck@dbf57b3]" started-at="2024-05-09T20:04:53 ICT" name="setup" finished-at="2024-05-09T20:04:57 ICT" duration-ms="4066" status="PASS">
          <reporter-output>
          </reporter-output>
        </test-method> <!-- setup -->
        <test-method signature="verify()[pri:0, instance:test2.test2.GoodLuck@dbf57b3]" started-at="2024-05-09T20:04:57 ICT" name="verify" finished-at="2024-05-09T20:04:57 ICT" duration-ms="24" status="PASS">
          <reporter-output>
          </reporter-output>
        </test-method> <!-- verify -->
        <test-method is-config="true" signature="tearDown()[pri:0, instance:test2.test2.GoodLuck@dbf57b3]" started-at="2024-05-09T20:04:57 ICT" name="tearDown" finished-at="2024-05-09T20:04:57 ICT" duration-ms="263" status="PASS">
          <reporter-output>
          </reporter-output>
        </test-method> <!-- tearDown -->
      </class> <!-- test2.test2.GoodLuck -->
    </test> <!-- Default test -->
  </suite> <!-- Default suite -->
</testng-results>
